<?xml version="1.0" encoding="UTF-8"?>
<testsuite xmlns:xsi="http://www.w3.org/2001/XMLSchema-instance" xsi:noNamespaceSchemaLocation="https://maven.apache.org/surefire/maven-surefire-plugin/xsd/surefire-test-report-3.0.xsd" version="3.0" name="TestSuite" time="3.219" tests="2" errors="0" skipped="1" failures="1">
  <properties>
    <property name="sun.desktop" value="windows"/>
    <property name="awt.toolkit" value="sun.awt.windows.WToolkit"/>
    <property name="java.specification.version" value="11"/>
    <property name="sun.cpu.isalist" value="amd64"/>
    <property name="sun.jnu.encoding" value="Cp1252"/>
    <property name="java.class.path" value="F:\STS_Workspace_Flexib2.0\flexibautomation\src\main\resources\public\Reports\MobileAutomation\WebAutomationTesting\target\test-classes;F:\STS_Workspace_Flexib2.0\flexibautomation\src\main\resources\public\Reports\MobileAutomation\WebAutomationTesting\target\classes;C:\Users\Flexibadmin1\.m2\repository\org\seleniumhq\selenium\selenium-java\3.9.1\selenium-java-3.9.1.jar;C:\Users\Flexibadmin1\.m2\repository\org\seleniumhq\selenium\selenium-chrome-driver\3.9.1\selenium-chrome-driver-3.9.1.jar;C:\Users\Flexibadmin1\.m2\repository\org\seleniumhq\selenium\selenium-edge-driver\3.9.1\selenium-edge-driver-3.9.1.jar;C:\Users\Flexibadmin1\.m2\repository\org\seleniumhq\selenium\selenium-firefox-driver\3.9.1\selenium-firefox-driver-3.9.1.jar;C:\Users\Flexibadmin1\.m2\repository\org\seleniumhq\selenium\selenium-ie-driver\3.9.1\selenium-ie-driver-3.9.1.jar;C:\Users\Flexibadmin1\.m2\repository\org\seleniumhq\selenium\selenium-opera-driver\3.9.1\selenium-opera-driver-3.9.1.jar;C:\Users\Flexibadmin1\.m2\repository\org\seleniumhq\selenium\selenium-safari-driver\3.9.1\selenium-safari-driver-3.9.1.jar;C:\Users\Flexibadmin1\.m2\repository\org\seleniumhq\selenium\selenium-support\3.9.1\selenium-support-3.9.1.jar;C:\Users\Flexibadmin1\.m2\repository\net\bytebuddy\byte-buddy\1.7.9\byte-buddy-1.7.9.jar;C:\Users\Flexibadmin1\.m2\repository\org\apache\commons\commons-exec\1.3\commons-exec-1.3.jar;C:\Users\Flexibadmin1\.m2\repository\commons-codec\commons-codec\1.10\commons-codec-1.10.jar;C:\Users\Flexibadmin1\.m2\repository\commons-logging\commons-logging\1.2\commons-logging-1.2.jar;C:\Users\Flexibadmin1\.m2\repository\com\google\code\gson\gson\2.8.2\gson-2.8.2.jar;C:\Users\Flexibadmin1\.m2\repository\com\google\guava\guava\23.6-jre\guava-23.6-jre.jar;C:\Users\Flexibadmin1\.m2\repository\com\google\code\findbugs\jsr305\1.3.9\jsr305-1.3.9.jar;C:\Users\Flexibadmin1\.m2\repository\org\checkerframework\checker-compat-qual\2.0.0\checker-compat-qual-2.0.0.jar;C:\Users\Flexibadmin1\.m2\repository\com\google\errorprone\error_prone_annotations\2.1.3\error_prone_annotations-2.1.3.jar;C:\Users\Flexibadmin1\.m2\repository\com\google\j2objc\j2objc-annotations\1.1\j2objc-annotations-1.1.jar;C:\Users\Flexibadmin1\.m2\repository\org\codehaus\mojo\animal-sniffer-annotations\1.14\animal-sniffer-annotations-1.14.jar;C:\Users\Flexibadmin1\.m2\repository\org\apache\httpcomponents\httpclient\4.5.3\httpclient-4.5.3.jar;C:\Users\Flexibadmin1\.m2\repository\org\apache\httpcomponents\httpcore\4.4.6\httpcore-4.4.6.jar;C:\Users\Flexibadmin1\.m2\repository\com\squareup\okhttp3\okhttp\3.9.1\okhttp-3.9.1.jar;C:\Users\Flexibadmin1\.m2\repository\com\squareup\okio\okio\1.13.0\okio-1.13.0.jar;C:\Users\Flexibadmin1\.m2\repository\org\seleniumhq\selenium\selenium-api\3.9.1\selenium-api-3.9.1.jar;C:\Users\Flexibadmin1\.m2\repository\org\apache\poi\poi-ooxml\4.1.0\poi-ooxml-4.1.0.jar;C:\Users\Flexibadmin1\.m2\repository\org\apache\poi\poi\4.1.0\poi-4.1.0.jar;C:\Users\Flexibadmin1\.m2\repository\org\apache\commons\commons-collections4\4.3\commons-collections4-4.3.jar;C:\Users\Flexibadmin1\.m2\repository\org\apache\commons\commons-math3\3.6.1\commons-math3-3.6.1.jar;C:\Users\Flexibadmin1\.m2\repository\org\apache\poi\poi-ooxml-schemas\4.1.0\poi-ooxml-schemas-4.1.0.jar;C:\Users\Flexibadmin1\.m2\repository\org\apache\xmlbeans\xmlbeans\3.1.0\xmlbeans-3.1.0.jar;C:\Users\Flexibadmin1\.m2\repository\org\apache\commons\commons-compress\1.18\commons-compress-1.18.jar;C:\Users\Flexibadmin1\.m2\repository\com\github\virtuald\curvesapi\1.06\curvesapi-1.06.jar;C:\Users\Flexibadmin1\.m2\repository\org\seleniumhq\selenium\selenium-remote-driver\3.6.0\selenium-remote-driver-3.6.0.jar;C:\Users\Flexibadmin1\.m2\repository\net\java\dev\jna\jna\4.1.0\jna-4.1.0.jar;C:\Users\Flexibadmin1\.m2\repository\net\java\dev\jna\jna-platform\4.1.0\jna-platform-4.1.0.jar;C:\Users\Flexibadmin1\.m2\repository\org\testng\testng\6.14.3\testng-6.14.3.jar;C:\Users\Flexibadmin1\.m2\repository\com\beust\jcommander\1.72\jcommander-1.72.jar;C:\Users\Flexibadmin1\.m2\repository\org\apache-extras\beanshell\bsh\2.0b6\bsh-2.0b6.jar;C:\Users\Flexibadmin1\.m2\repository\org\influxdb\influxdb-java\2.12\influxdb-java-2.12.jar;C:\Users\Flexibadmin1\.m2\repository\com\squareup\retrofit2\retrofit\2.4.0\retrofit-2.4.0.jar;C:\Users\Flexibadmin1\.m2\repository\com\squareup\retrofit2\converter-moshi\2.4.0\converter-moshi-2.4.0.jar;C:\Users\Flexibadmin1\.m2\repository\com\squareup\moshi\moshi\1.5.0\moshi-1.5.0.jar;C:\Users\Flexibadmin1\.m2\repository\org\msgpack\msgpack-core\0.8.16\msgpack-core-0.8.16.jar;C:\Users\Flexibadmin1\.m2\repository\com\squareup\okhttp3\logging-interceptor\3.11.0\logging-interceptor-3.11.0.jar;C:\Users\Flexibadmin1\.m2\repository\com\relevantcodes\extentreports\2.41.2\extentreports-2.41.2.jar;C:\Users\Flexibadmin1\.m2\repository\org\jsoup\jsoup\1.8.3\jsoup-1.8.3.jar;C:\Users\Flexibadmin1\.m2\repository\org\xerial\sqlite-jdbc\3.8.11.1\sqlite-jdbc-3.8.11.1.jar;C:\Users\Flexibadmin1\.m2\repository\org\freemarker\freemarker\2.3.23\freemarker-2.3.23.jar;C:\Users\Flexibadmin1\.m2\repository\org\mongodb\mongodb-driver\3.0.4\mongodb-driver-3.0.4.jar;C:\Users\Flexibadmin1\.m2\repository\org\mongodb\bson\3.0.4\bson-3.0.4.jar;C:\Users\Flexibadmin1\.m2\repository\org\mongodb\mongodb-driver-core\3.0.4\mongodb-driver-core-3.0.4.jar;C:\Users\Flexibadmin1\.m2\repository\com\applitools\eyes-selenium-java3\3.209.0-beta\eyes-selenium-java3-3.209.0-beta.jar;C:\Users\Flexibadmin1\.m2\repository\com\applitools\eyes-selenium-common-java3\3.209.0-beta\eyes-selenium-common-java3-3.209.0-beta.jar;C:\Users\Flexibadmin1\.m2\repository\com\applitools\eyes-sdk-core-java3\3.209.0-beta\eyes-sdk-core-java3-3.209.0-beta.jar;C:\Users\Flexibadmin1\.m2\repository\com\applitools\eyes-ufg-java3\3.209.0-beta\eyes-ufg-java3-3.209.0-beta.jar;C:\Users\Flexibadmin1\.m2\repository\com\applitools\eyes-connectivity-java3\3.209.0-beta\eyes-connectivity-java3-3.209.0-beta.jar;C:\Users\Flexibadmin1\.m2\repository\net\sourceforge\cssparser\cssparser\0.9.27\cssparser-0.9.27.jar;C:\Users\Flexibadmin1\.m2\repository\org\w3c\css\sac\1.3\sac-1.3.jar;C:\Users\Flexibadmin1\.m2\repository\com\applitools\eyes-connectivity-java3-jersey2x\3.209.0-beta\eyes-connectivity-java3-jersey2x-3.209.0-beta.jar;C:\Users\Flexibadmin1\.m2\repository\com\applitools\eyes-common-java3\3.209.0-beta\eyes-common-java3-3.209.0-beta.jar;C:\Users\Flexibadmin1\.m2\repository\org\imgscalr\imgscalr-lib\4.2\imgscalr-lib-4.2.jar;C:\Users\Flexibadmin1\.m2\repository\commons-io\commons-io\2.6\commons-io-2.6.jar;C:\Users\Flexibadmin1\.m2\repository\org\apache\commons\commons-lang3\3.8.1\commons-lang3-3.8.1.jar;C:\Users\Flexibadmin1\.m2\repository\org\brotli\dec\0.1.1\dec-0.1.1.jar;C:\Users\Flexibadmin1\.m2\repository\com\fasterxml\jackson\core\jackson-databind\2.11.0\jackson-databind-2.11.0.jar;C:\Users\Flexibadmin1\.m2\repository\com\fasterxml\jackson\core\jackson-annotations\2.11.0\jackson-annotations-2.11.0.jar;C:\Users\Flexibadmin1\.m2\repository\com\fasterxml\jackson\core\jackson-core\2.11.0\jackson-core-2.11.0.jar;C:\Users\Flexibadmin1\.m2\repository\org\glassfish\jersey\connectors\jersey-apache-connector\2.29\jersey-apache-connector-2.29.jar;C:\Users\Flexibadmin1\.m2\repository\org\glassfish\jersey\core\jersey-common\2.29\jersey-common-2.29.jar;C:\Users\Flexibadmin1\.m2\repository\jakarta\annotation\jakarta.annotation-api\1.3.4\jakarta.annotation-api-1.3.4.jar;C:\Users\Flexibadmin1\.m2\repository\org\glassfish\hk2\osgi-resource-locator\1.0.3\osgi-resource-locator-1.0.3.jar;C:\Users\Flexibadmin1\.m2\repository\com\sun\activation\jakarta.activation\1.2.1\jakarta.activation-1.2.1.jar;C:\Users\Flexibadmin1\.m2\repository\jakarta\ws\rs\jakarta.ws.rs-api\2.1.5\jakarta.ws.rs-api-2.1.5.jar;C:\Users\Flexibadmin1\.m2\repository\org\glassfish\jersey\core\jersey-client\2.29\jersey-client-2.29.jar;C:\Users\Flexibadmin1\.m2\repository\org\glassfish\hk2\external\jakarta.inject\2.5.0\jakarta.inject-2.5.0.jar;C:\Users\Flexibadmin1\.m2\repository\org\glassfish\jersey\inject\jersey-hk2\2.29\jersey-hk2-2.29.jar;C:\Users\Flexibadmin1\.m2\repository\org\glassfish\hk2\hk2-locator\2.5.0\hk2-locator-2.5.0.jar;C:\Users\Flexibadmin1\.m2\repository\org\glassfish\hk2\external\aopalliance-repackaged\2.5.0\aopalliance-repackaged-2.5.0.jar;C:\Users\Flexibadmin1\.m2\repository\org\glassfish\hk2\hk2-api\2.5.0\hk2-api-2.5.0.jar;C:\Users\Flexibadmin1\.m2\repository\org\glassfish\hk2\hk2-utils\2.5.0\hk2-utils-2.5.0.jar;C:\Users\Flexibadmin1\.m2\repository\org\javassist\javassist\3.22.0-CR2\javassist-3.22.0-CR2.jar;C:\Users\Flexibadmin1\.m2\repository\com\helger\ph-css\6.1.1\ph-css-6.1.1.jar;C:\Users\Flexibadmin1\.m2\repository\com\helger\ph-commons\9.0.2\ph-commons-9.0.2.jar;C:\Users\Flexibadmin1\.m2\repository\org\slf4j\slf4j-api\1.7.25\slf4j-api-1.7.25.jar;C:\Users\Flexibadmin1\.m2\repository\javax\activation\activation\1.1.1\activation-1.1.1.jar;"/>
    <property name="java.vm.vendor" value="Oracle Corporation"/>
    <property name="deviceName" value="Iphone 12 Pro Mini Simulator"/>
    <property name="sun.arch.data.model" value="64"/>
    <property name="user.variant" value=""/>
    <property name="accesskey" value="2ea8e774-070a-4790-8243-40667799793c"/>
    <property name="java.vendor.url" value="https://openjdk.java.net/"/>
    <property name="user.timezone" value="Asia/Calcutta"/>
    <property name="browserName" value="Safari"/>
    <property name="java.vm.specification.version" value="11"/>
    <property name="os.name" value="Windows Server 2012 R2"/>
    <property name="sun.java.launcher" value="SUN_STANDARD"/>
    <property name="user.country" value="US"/>
    <property name="testName" value="Testing"/>
    <property name="sun.boot.library.path" value="C:\Program Files\Java\jdk-11.0.10\bin"/>
    <property name="sun.java.command" value="C:\Users\Flexibadmin1\AppData\Local\Temp\2\surefire15358509053491798423\surefirebooter7770450092528863647.jar C:\Users\Flexibadmin1\AppData\Local\Temp\2\surefire15358509053491798423 2021-11-10T15-02-30_722-jvmRun1 surefire5084005548537759836tmp surefire_08668997111308056257tmp"/>
    <property name="jdk.debug" value="release"/>
    <property name="surefire.test.class.path" value="F:\STS_Workspace_Flexib2.0\flexibautomation\src\main\resources\public\Reports\MobileAutomation\WebAutomationTesting\target\test-classes;F:\STS_Workspace_Flexib2.0\flexibautomation\src\main\resources\public\Reports\MobileAutomation\WebAutomationTesting\target\classes;C:\Users\Flexibadmin1\.m2\repository\org\seleniumhq\selenium\selenium-java\3.9.1\selenium-java-3.9.1.jar;C:\Users\Flexibadmin1\.m2\repository\org\seleniumhq\selenium\selenium-chrome-driver\3.9.1\selenium-chrome-driver-3.9.1.jar;C:\Users\Flexibadmin1\.m2\repository\org\seleniumhq\selenium\selenium-edge-driver\3.9.1\selenium-edge-driver-3.9.1.jar;C:\Users\Flexibadmin1\.m2\repository\org\seleniumhq\selenium\selenium-firefox-driver\3.9.1\selenium-firefox-driver-3.9.1.jar;C:\Users\Flexibadmin1\.m2\repository\org\seleniumhq\selenium\selenium-ie-driver\3.9.1\selenium-ie-driver-3.9.1.jar;C:\Users\Flexibadmin1\.m2\repository\org\seleniumhq\selenium\selenium-opera-driver\3.9.1\selenium-opera-driver-3.9.1.jar;C:\Users\Flexibadmin1\.m2\repository\org\seleniumhq\selenium\selenium-safari-driver\3.9.1\selenium-safari-driver-3.9.1.jar;C:\Users\Flexibadmin1\.m2\repository\org\seleniumhq\selenium\selenium-support\3.9.1\selenium-support-3.9.1.jar;C:\Users\Flexibadmin1\.m2\repository\net\bytebuddy\byte-buddy\1.7.9\byte-buddy-1.7.9.jar;C:\Users\Flexibadmin1\.m2\repository\org\apache\commons\commons-exec\1.3\commons-exec-1.3.jar;C:\Users\Flexibadmin1\.m2\repository\commons-codec\commons-codec\1.10\commons-codec-1.10.jar;C:\Users\Flexibadmin1\.m2\repository\commons-logging\commons-logging\1.2\commons-logging-1.2.jar;C:\Users\Flexibadmin1\.m2\repository\com\google\code\gson\gson\2.8.2\gson-2.8.2.jar;C:\Users\Flexibadmin1\.m2\repository\com\google\guava\guava\23.6-jre\guava-23.6-jre.jar;C:\Users\Flexibadmin1\.m2\repository\com\google\code\findbugs\jsr305\1.3.9\jsr305-1.3.9.jar;C:\Users\Flexibadmin1\.m2\repository\org\checkerframework\checker-compat-qual\2.0.0\checker-compat-qual-2.0.0.jar;C:\Users\Flexibadmin1\.m2\repository\com\google\errorprone\error_prone_annotations\2.1.3\error_prone_annotations-2.1.3.jar;C:\Users\Flexibadmin1\.m2\repository\com\google\j2objc\j2objc-annotations\1.1\j2objc-annotations-1.1.jar;C:\Users\Flexibadmin1\.m2\repository\org\codehaus\mojo\animal-sniffer-annotations\1.14\animal-sniffer-annotations-1.14.jar;C:\Users\Flexibadmin1\.m2\repository\org\apache\httpcomponents\httpclient\4.5.3\httpclient-4.5.3.jar;C:\Users\Flexibadmin1\.m2\repository\org\apache\httpcomponents\httpcore\4.4.6\httpcore-4.4.6.jar;C:\Users\Flexibadmin1\.m2\repository\com\squareup\okhttp3\okhttp\3.9.1\okhttp-3.9.1.jar;C:\Users\Flexibadmin1\.m2\repository\com\squareup\okio\okio\1.13.0\okio-1.13.0.jar;C:\Users\Flexibadmin1\.m2\repository\org\seleniumhq\selenium\selenium-api\3.9.1\selenium-api-3.9.1.jar;C:\Users\Flexibadmin1\.m2\repository\org\apache\poi\poi-ooxml\4.1.0\poi-ooxml-4.1.0.jar;C:\Users\Flexibadmin1\.m2\repository\org\apache\poi\poi\4.1.0\poi-4.1.0.jar;C:\Users\Flexibadmin1\.m2\repository\org\apache\commons\commons-collections4\4.3\commons-collections4-4.3.jar;C:\Users\Flexibadmin1\.m2\repository\org\apache\commons\commons-math3\3.6.1\commons-math3-3.6.1.jar;C:\Users\Flexibadmin1\.m2\repository\org\apache\poi\poi-ooxml-schemas\4.1.0\poi-ooxml-schemas-4.1.0.jar;C:\Users\Flexibadmin1\.m2\repository\org\apache\xmlbeans\xmlbeans\3.1.0\xmlbeans-3.1.0.jar;C:\Users\Flexibadmin1\.m2\repository\org\apache\commons\commons-compress\1.18\commons-compress-1.18.jar;C:\Users\Flexibadmin1\.m2\repository\com\github\virtuald\curvesapi\1.06\curvesapi-1.06.jar;C:\Users\Flexibadmin1\.m2\repository\org\seleniumhq\selenium\selenium-remote-driver\3.6.0\selenium-remote-driver-3.6.0.jar;C:\Users\Flexibadmin1\.m2\repository\net\java\dev\jna\jna\4.1.0\jna-4.1.0.jar;C:\Users\Flexibadmin1\.m2\repository\net\java\dev\jna\jna-platform\4.1.0\jna-platform-4.1.0.jar;C:\Users\Flexibadmin1\.m2\repository\org\testng\testng\6.14.3\testng-6.14.3.jar;C:\Users\Flexibadmin1\.m2\repository\com\beust\jcommander\1.72\jcommander-1.72.jar;C:\Users\Flexibadmin1\.m2\repository\org\apache-extras\beanshell\bsh\2.0b6\bsh-2.0b6.jar;C:\Users\Flexibadmin1\.m2\repository\org\influxdb\influxdb-java\2.12\influxdb-java-2.12.jar;C:\Users\Flexibadmin1\.m2\repository\com\squareup\retrofit2\retrofit\2.4.0\retrofit-2.4.0.jar;C:\Users\Flexibadmin1\.m2\repository\com\squareup\retrofit2\converter-moshi\2.4.0\converter-moshi-2.4.0.jar;C:\Users\Flexibadmin1\.m2\repository\com\squareup\moshi\moshi\1.5.0\moshi-1.5.0.jar;C:\Users\Flexibadmin1\.m2\repository\org\msgpack\msgpack-core\0.8.16\msgpack-core-0.8.16.jar;C:\Users\Flexibadmin1\.m2\repository\com\squareup\okhttp3\logging-interceptor\3.11.0\logging-interceptor-3.11.0.jar;C:\Users\Flexibadmin1\.m2\repository\com\relevantcodes\extentreports\2.41.2\extentreports-2.41.2.jar;C:\Users\Flexibadmin1\.m2\repository\org\jsoup\jsoup\1.8.3\jsoup-1.8.3.jar;C:\Users\Flexibadmin1\.m2\repository\org\xerial\sqlite-jdbc\3.8.11.1\sqlite-jdbc-3.8.11.1.jar;C:\Users\Flexibadmin1\.m2\repository\org\freemarker\freemarker\2.3.23\freemarker-2.3.23.jar;C:\Users\Flexibadmin1\.m2\repository\org\mongodb\mongodb-driver\3.0.4\mongodb-driver-3.0.4.jar;C:\Users\Flexibadmin1\.m2\repository\org\mongodb\bson\3.0.4\bson-3.0.4.jar;C:\Users\Flexibadmin1\.m2\repository\org\mongodb\mongodb-driver-core\3.0.4\mongodb-driver-core-3.0.4.jar;C:\Users\Flexibadmin1\.m2\repository\com\applitools\eyes-selenium-java3\3.209.0-beta\eyes-selenium-java3-3.209.0-beta.jar;C:\Users\Flexibadmin1\.m2\repository\com\applitools\eyes-selenium-common-java3\3.209.0-beta\eyes-selenium-common-java3-3.209.0-beta.jar;C:\Users\Flexibadmin1\.m2\repository\com\applitools\eyes-sdk-core-java3\3.209.0-beta\eyes-sdk-core-java3-3.209.0-beta.jar;C:\Users\Flexibadmin1\.m2\repository\com\applitools\eyes-ufg-java3\3.209.0-beta\eyes-ufg-java3-3.209.0-beta.jar;C:\Users\Flexibadmin1\.m2\repository\com\applitools\eyes-connectivity-java3\3.209.0-beta\eyes-connectivity-java3-3.209.0-beta.jar;C:\Users\Flexibadmin1\.m2\repository\net\sourceforge\cssparser\cssparser\0.9.27\cssparser-0.9.27.jar;C:\Users\Flexibadmin1\.m2\repository\org\w3c\css\sac\1.3\sac-1.3.jar;C:\Users\Flexibadmin1\.m2\repository\com\applitools\eyes-connectivity-java3-jersey2x\3.209.0-beta\eyes-connectivity-java3-jersey2x-3.209.0-beta.jar;C:\Users\Flexibadmin1\.m2\repository\com\applitools\eyes-common-java3\3.209.0-beta\eyes-common-java3-3.209.0-beta.jar;C:\Users\Flexibadmin1\.m2\repository\org\imgscalr\imgscalr-lib\4.2\imgscalr-lib-4.2.jar;C:\Users\Flexibadmin1\.m2\repository\commons-io\commons-io\2.6\commons-io-2.6.jar;C:\Users\Flexibadmin1\.m2\repository\org\apache\commons\commons-lang3\3.8.1\commons-lang3-3.8.1.jar;C:\Users\Flexibadmin1\.m2\repository\org\brotli\dec\0.1.1\dec-0.1.1.jar;C:\Users\Flexibadmin1\.m2\repository\com\fasterxml\jackson\core\jackson-databind\2.11.0\jackson-databind-2.11.0.jar;C:\Users\Flexibadmin1\.m2\repository\com\fasterxml\jackson\core\jackson-annotations\2.11.0\jackson-annotations-2.11.0.jar;C:\Users\Flexibadmin1\.m2\repository\com\fasterxml\jackson\core\jackson-core\2.11.0\jackson-core-2.11.0.jar;C:\Users\Flexibadmin1\.m2\repository\org\glassfish\jersey\connectors\jersey-apache-connector\2.29\jersey-apache-connector-2.29.jar;C:\Users\Flexibadmin1\.m2\repository\org\glassfish\jersey\core\jersey-common\2.29\jersey-common-2.29.jar;C:\Users\Flexibadmin1\.m2\repository\jakarta\annotation\jakarta.annotation-api\1.3.4\jakarta.annotation-api-1.3.4.jar;C:\Users\Flexibadmin1\.m2\repository\org\glassfish\hk2\osgi-resource-locator\1.0.3\osgi-resource-locator-1.0.3.jar;C:\Users\Flexibadmin1\.m2\repository\com\sun\activation\jakarta.activation\1.2.1\jakarta.activation-1.2.1.jar;C:\Users\Flexibadmin1\.m2\repository\jakarta\ws\rs\jakarta.ws.rs-api\2.1.5\jakarta.ws.rs-api-2.1.5.jar;C:\Users\Flexibadmin1\.m2\repository\org\glassfish\jersey\core\jersey-client\2.29\jersey-client-2.29.jar;C:\Users\Flexibadmin1\.m2\repository\org\glassfish\hk2\external\jakarta.inject\2.5.0\jakarta.inject-2.5.0.jar;C:\Users\Flexibadmin1\.m2\repository\org\glassfish\jersey\inject\jersey-hk2\2.29\jersey-hk2-2.29.jar;C:\Users\Flexibadmin1\.m2\repository\org\glassfish\hk2\hk2-locator\2.5.0\hk2-locator-2.5.0.jar;C:\Users\Flexibadmin1\.m2\repository\org\glassfish\hk2\external\aopalliance-repackaged\2.5.0\aopalliance-repackaged-2.5.0.jar;C:\Users\Flexibadmin1\.m2\repository\org\glassfish\hk2\hk2-api\2.5.0\hk2-api-2.5.0.jar;C:\Users\Flexibadmin1\.m2\repository\org\glassfish\hk2\hk2-utils\2.5.0\hk2-utils-2.5.0.jar;C:\Users\Flexibadmin1\.m2\repository\org\javassist\javassist\3.22.0-CR2\javassist-3.22.0-CR2.jar;C:\Users\Flexibadmin1\.m2\repository\com\helger\ph-css\6.1.1\ph-css-6.1.1.jar;C:\Users\Flexibadmin1\.m2\repository\com\helger\ph-commons\9.0.2\ph-commons-9.0.2.jar;C:\Users\Flexibadmin1\.m2\repository\org\slf4j\slf4j-api\1.7.25\slf4j-api-1.7.25.jar;C:\Users\Flexibadmin1\.m2\repository\javax\activation\activation\1.1.1\activation-1.1.1.jar;"/>
    <property name="sun.cpu.endian" value="little"/>
    <property name="user.home" value="C:\Users\Flexibadmin1"/>
    <property name="user.language" value="en"/>
    <property name="java.specification.vendor" value="Oracle Corporation"/>
    <property name="java.version.date" value="2021-01-19"/>
    <property name="java.home" value="C:\Program Files\Java\jdk-11.0.10"/>
    <property name="file.separator" value="\"/>
    <property name="basedir" value="F:\STS_Workspace_Flexib2.0\flexibautomation\src\main\resources\public\Reports\MobileAutomation\WebAutomationTesting"/>
    <property name="java.vm.compressedOopsMode" value="Zero based"/>
    <property name="line.separator" value="&#10;"/>
    <property name="java.specification.name" value="Java Platform API Specification"/>
    <property name="java.vm.specification.vendor" value="Oracle Corporation"/>
    <property name="java.awt.graphicsenv" value="sun.awt.Win32GraphicsEnvironment"/>
    <property name="osversion" value="14.5"/>
    <property name="surefire.real.class.path" value="C:\Users\Flexibadmin1\AppData\Local\Temp\2\surefire15358509053491798423\surefirebooter7770450092528863647.jar"/>
    <property name="user.script" value=""/>
    <property name="sun.management.compiler" value="HotSpot 64-Bit Tiered Compilers"/>
    <property name="java.runtime.version" value="11.0.10+8-LTS-162"/>
    <property name="user.name" value="Flexibadmin1"/>
    <property name="path.separator" value=";"/>
    <property name="os.version" value="6.3"/>
    <property name="java.runtime.name" value="Java(TM) SE Runtime Environment"/>
    <property name="file.encoding" value="Cp1252"/>
    <property name="java.vm.name" value="Java HotSpot(TM) 64-Bit Server VM"/>
    <property name="java.vendor.version" value="18.9"/>
    <property name="platformName" value="ios"/>
    <property name="localRepository" value="C:\Users\Flexibadmin1\.m2\repository"/>
    <property name="java.vendor.url.bug" value="https://bugreport.java.com/bugreport/"/>
    <property name="java.io.tmpdir" value="C:\Users\FLEXIB~1\AppData\Local\Temp\2\"/>
    <property name="java.version" value="11.0.10"/>
    <property name="user.dir" value="F:\STS_Workspace_Flexib2.0\flexibautomation\src\main\resources\public\Reports\MobileAutomation\WebAutomationTesting"/>
    <property name="os.arch" value="amd64"/>
    <property name="java.vm.specification.name" value="Java Virtual Machine Specification"/>
    <property name="java.awt.printerjob" value="sun.awt.windows.WPrinterJob"/>
    <property name="userName" value="oauth-infotechdemoacc21-ec740"/>
    <property name="sun.os.patch.level" value=""/>
    <property name="java.library.path" value="C:\Program Files\Java\jdk-11.0.10\bin;C:\Windows\Sun\Java\bin;C:\Windows\system32;C:\Windows;C:/Users/Flexibadmin1/Downloads/sts-4.12.0.RELEASE//plugins/org.eclipse.justj.openjdk.hotspot.jre.full.win32.x86_64_16.0.2.v20210721-1149/jre/bin/server;C:/Users/Flexibadmin1/Downloads/sts-4.12.0.RELEASE//plugins/org.eclipse.justj.openjdk.hotspot.jre.full.win32.x86_64_16.0.2.v20210721-1149/jre/bin;C:\Program Files\Common Files\Oracle\Java\javapath;C:\Program Files\Java\jdk-11.0.10\bin;E:\Tools\Python\Python39\Scripts\;E:\Tools\Python\Python39\;C:\Python38\Scripts\;C:\Python38\;C:\Windows\system32;C:\Windows;C:\Windows\System32\Wbem;C:\Windows\System32\WindowsPowerShell\v1.0\;E:\Python_3.7.8;E:\Python_3.7.8\Scripts;E:\SecurityTesting\Sonar\sonar-scanner-cli-3.0.3.778\sonar-scanner-3.0.3.778\bin;C:\Program Files\dotnet\;C:\Program Files\Microsoft\Web Platform Installer\;E:\VisualRegressionTesting\BackstopJS-master;E:\Python27;C:\Program Files (x86)\Micro Focus\Unified Functional Testing\bin;C:\ProgramData\chocolatey\bin;C:\Program Files\Git\cmd;C:\Program Files\Git\bin;E:\VisualRegressionTesting\NodejsInstallation;E:\Tools\apache-maven-3.3.9\apache-maven-3.3.9\bin;E:\Tools\DemoApp\demo-master\DemoNew\demo;E:\Tools\DemoApp\demo-master\ChromeDriver\chromedriver_win32;E:\Tools\gradle-6.3-all\gradle-6.3\bin;E:\Tools\Python\Python39\Scripts;E:\Tools\OpenSSL-Win64\bin;C:\Program Files\OpenSSL-Win64\bin;E:\Tools\nmap-vulners;E:\Tools\sslscan;E:\Tools\nmap-7.91;E:\Tools\nikto-2.1.5;;E:\Tools\Strawberry\perl\bin;E:\Tools\Strawberry\perl\site\bin;E:\Tools\Strawberry\c\bin;E:\Tools\dependency-check\bin;E:\Tools\ThreatSpec\Graphviz\bin;C:\Program Files\SolarWinds\Snap\;C:\Program Files\SolarWinds\Snap\bin\;E:\Tools\nikto-2.1.5\nikto.bat\;E:\Tools\nikto-2.1.5\nikto.pl\;E:\Tools\apache-maven-3.3.9\apache-maven-3.3.9\bin;C:\Program Files\Java\jdk-11.0.10\bin\;C:\ProgramData\chocolatey\lib\jq\tools\;F:\DependecyChecker\dependency-check\bin\;C:\Program Files\MySQL\MySQL Shell 8.0\bin\;C:\Users\Flexibadmin1\.dotnet\tools;C:\Users\Flexibadmin1\AppData\Roaming\npm;E:\Tools\gradle-6.8.3-bin\gradle-6.8.3\bin;C:\Users\Flexibadmin1\Downloads\sts-4.12.0.RELEASE;;."/>
    <property name="java.vendor" value="Oracle Corporation"/>
    <property name="java.vm.info" value="mixed mode"/>
    <property name="java.vm.version" value="11.0.10+8-LTS-162"/>
    <property name="build" value="build2"/>
    <property name="sun.io.unicode.encoding" value="UnicodeLittle"/>
    <property name="java.class.version" value="55.0"/>
  </properties>
  <testcase name="EnGRC[Iphone 12 Pro Mini Simulator, 14.5, ios, Safari, oauth-infotechdemoacc21-ec740, 2ea8e774-070a-4790-8243-40667799793c, Testing, build2](0)" classname="com.tests.ENGRCMobilewithArgs" time="2.989">
    <failure message="Unable to parse remote response: Invalid device name specified: Iphone 12 Pro Mini Simulator&#10;Build info: version: &apos;3.9.1&apos;, revision: &apos;63f7b50&apos;, time: &apos;2018-02-07T22:25:02.294Z&apos;&#10;System info: host: &apos;FLEXIB&apos;, ip: &apos;10.43.9.176&apos;, os.name: &apos;Windows Server 2012 R2&apos;, os.arch: &apos;amd64&apos;, os.version: &apos;6.3&apos;, java.version: &apos;11.0.10&apos;&#10;Driver info: driver.version: RemoteWebDriver" type="org.openqa.selenium.WebDriverException"><![CDATA[org.openqa.selenium.WebDriverException: 
Unable to parse remote response: Invalid device name specified: Iphone 12 Pro Mini Simulator
Build info: version: '3.9.1', revision: '63f7b50', time: '2018-02-07T22:25:02.294Z'
System info: host: 'FLEXIB', ip: '10.43.9.176', os.name: 'Windows Server 2012 R2', os.arch: 'amd64', os.version: '6.3', java.version: '11.0.10'
Driver info: driver.version: RemoteWebDriver
	at com.tests.ENGRCMobilewithArgs.EnGRC(ENGRCMobilewithArgs.java:77)
]]></failure>
  </testcase>
  <testcase name="ENGRCUserNavigation" classname="com.tests.ENGRCMobilewithArgs" time="0">
    <skipped message="Unable to parse remote response: Invalid device name specified: Iphone 12 Pro Mini Simulator&#10;Build info: version: &apos;3.9.1&apos;, revision: &apos;63f7b50&apos;, time: &apos;2018-02-07T22:25:02.294Z&apos;&#10;System info: host: &apos;FLEXIB&apos;, ip: &apos;10.43.9.176&apos;, os.name: &apos;Windows Server 2012 R2&apos;, os.arch: &apos;amd64&apos;, os.version: &apos;6.3&apos;, java.version: &apos;11.0.10&apos;&#10;Driver info: driver.version: RemoteWebDriver"/>
  </testcase>
</testsuite>