<?xml version="1.0" encoding="UTF-8"?>
<!-- Generated by org.testng.reporters.JUnitReportReporter -->
<testsuite hostname="Flexib" failures="0" tests="1" name="com.tests.SaucedemoMobilewithargs" time="180.544" errors="0" timestamp="03 Nov 2021 07:41:24 GMT" skipped="0">
  <testcase classname="com.tests.SaucedemoMobilewithargs" name="OnineShoppingCart" time="180.544"/>
</testsuite> <!-- com.tests.SaucedemoMobilewithargs -->
